# JRE version: OpenJDK Runtime Environment (14.0.2+12) (build 14.0.2+12-46)
# Java VM: OpenJDK 64-Bit Server VM (14.0.2+12-46, mixed mode, tiered, compressed oops, g1 gc, windows-amd64)
Heap:
 garbage-first heap   total 65536K, used 11833K [0x00000000c1a00000, 0x0000000100000000)
  region size 1024K, 10 young (10240K), 2 survivors (2048K)
 Metaspace       used 14857K, capacity 15136K, committed 15360K, reserved 1062912K
  class space    used 1651K, capacity 1777K, committed 1792K, reserved 1048576K
GC Heap History (6 events):
Event: 2.977 GC heap before
{Heap before GC invocations=0 (full 0):
 garbage-first heap   total 65536K, used 5120K [0x00000000c1a00000, 0x0000000100000000)
  region size 1024K, 6 young (6144K), 0 survivors (0K)
 Metaspace       used 6305K, capacity 6415K, committed 6528K, reserved 1056768K
  class space    used 548K, capacity 583K, committed 640K, reserved 1048576K
}
Event: 2.981 GC heap after
{Heap after GC invocations=1 (full 0):
 garbage-first heap   total 65536K, used 992K [0x00000000c1a00000, 0x0000000100000000)
  region size 1024K, 1 young (1024K), 1 survivors (1024K)
 Metaspace       used 6305K, capacity 6415K, committed 6528K, reserved 1056768K
  class space    used 548K, capacity 583K, committed 640K, reserved 1048576K
}
Event: 9.360 GC heap before
{Heap before GC invocations=1 (full 0):
 garbage-first heap   total 65536K, used 7136K [0x00000000c1a00000, 0x0000000100000000)
  region size 1024K, 8 young (8192K), 1 survivors (1024K)
 Metaspace       used 8811K, capacity 9055K, committed 9216K, reserved 1056768K
  class space    used 839K, capacity 917K, committed 1024K, reserved 1048576K
}
Event: 9.364 GC heap after
{Heap after GC invocations=2 (full 0):
 garbage-first heap   total 65536K, used 1978K [0x00000000c1a00000, 0x0000000100000000)
  region size 1024K, 1 young (1024K), 1 survivors (1024K)
 Metaspace       used 8811K, capacity 9055K, committed 9216K, reserved 1056768K
  class space    used 839K, capacity 917K, committed 1024K, reserved 1048576K
}
Event: 15.126 GC heap before
{Heap before GC invocations=2 (full 0):
 garbage-first heap   total 65536K, used 12218K [0x00000000c1a00000, 0x0000000100000000)
  region size 1024K, 12 young (12288K), 1 survivors (1024K)
 Metaspace       used 12912K, capacity 13148K, committed 13312K, reserved 1060864K
  class space    used 1360K, capacity 1454K, committed 1536K, reserved 1048576K
}
Event: 15.131 GC heap after
{Heap after GC invocations=3 (full 0):
 garbage-first heap   total 65536K, used 4665K [0x00000000c1a00000, 0x0000000100000000)
  region size 1024K, 2 young (2048K), 2 survivors (2048K)
 Metaspace       used 12912K, capacity 13148K, committed 13312K, reserved 1060864K
  class space    used 1360K, capacity 1454K, committed 1536K, reserved 1048576K
}

